2020-03-06 18:43:36.164  INFO 16844 --- [restartedMain] com.kushwaha.Application                 : No active profile set, falling back to default profiles: default
2020-03-06 18:43:37.543  INFO 16844 --- [restartedMain] .s.d.r.c.RepositoryConfigurationDelegate : Bootstrapping Spring Data JPA repositories in DEFAULT mode.
2020-03-06 18:43:37.633  INFO 16844 --- [restartedMain] .s.d.r.c.RepositoryConfigurationDelegate : Finished Spring Data repository scanning in 78ms. Found 1 JPA repository interfaces.
2020-03-06 18:43:37.862  WARN 16844 --- [restartedMain] o.s.boot.actuate.endpoint.EndpointId     : Endpoint ID 'service-registry' contains invalid characters, please migrate to a valid format.
2020-03-06 18:43:38.052  INFO 16844 --- [restartedMain] o.s.cloud.context.scope.GenericScope     : BeanFactory id=97f629d4-9514-34c3-85b3-2fb84ce8eac0
2020-03-06 18:43:38.882  INFO 16844 --- [restartedMain] o.s.b.w.embedded.tomcat.TomcatWebServer  : Tomcat initialized with port(s): 9191 (http)
2020-03-06 18:43:38.894  INFO 16844 --- [restartedMain] o.apache.catalina.core.StandardService   : Starting service [Tomcat]
2020-03-06 18:43:38.895  INFO 16844 --- [restartedMain] org.apache.catalina.core.StandardEngine  : Starting Servlet engine: [Apache Tomcat/9.0.31]
2020-03-06 18:43:39.171  INFO 16844 --- [restartedMain] o.a.c.c.C.[Tomcat].[localhost].[/]       : Initializing Spring embedded WebApplicationContext
2020-03-06 18:43:39.171  INFO 16844 --- [restartedMain] o.s.web.context.ContextLoader            : Root WebApplicationContext: initialization completed in 2982 ms
2020-03-06 18:43:39.295  WARN 16844 --- [restartedMain] c.n.c.sources.URLConfigurationSource     : No URLs will be polled as dynamic configuration sources.
2020-03-06 18:43:39.295  INFO 16844 --- [restartedMain] c.n.c.sources.URLConfigurationSource     : To enable URLs as dynamic configuration sources, define System property archaius.configurationSource.additionalUrls or make config.properties available on classpath.
2020-03-06 18:43:39.307  INFO 16844 --- [restartedMain] c.netflix.config.DynamicPropertyFactory  : DynamicPropertyFactory is initialized with configuration sources: com.netflix.config.ConcurrentCompositeConfiguration@1e1ad49a
2020-03-06 18:43:40.407  INFO 16844 --- [restartedMain] o.hibernate.jpa.internal.util.LogHelper  : HHH000204: Processing PersistenceUnitInfo [name: default]
2020-03-06 18:43:40.486  INFO 16844 --- [restartedMain] org.hibernate.Version                    : HHH000412: Hibernate ORM core version 5.4.12.Final
2020-03-06 18:43:40.634  INFO 16844 --- [restartedMain] o.hibernate.annotations.common.Version   : HCANN000001: Hibernate Commons Annotations {5.1.0.Final}
2020-03-06 18:43:40.754  INFO 16844 --- [restartedMain] com.zaxxer.hikari.HikariDataSource       : HikariPool-1 - Starting...
2020-03-06 18:43:41.073  INFO 16844 --- [restartedMain] com.zaxxer.hikari.HikariDataSource       : HikariPool-1 - Start completed.
2020-03-06 18:43:41.089  INFO 16844 --- [restartedMain] org.hibernate.dialect.Dialect            : HHH000400: Using dialect: org.hibernate.dialect.OracleDialect
2020-03-06 18:43:41.094  WARN 16844 --- [restartedMain] org.hibernate.dialect.Oracle9Dialect     : HHH000063: The Oracle9Dialect dialect has been deprecated; use either Oracle9iDialect or Oracle10gDialect instead
2020-03-06 18:43:41.096  WARN 16844 --- [restartedMain] org.hibernate.dialect.OracleDialect      : HHH000064: The OracleDialect dialect has been deprecated; use Oracle8iDialect instead
2020-03-06 18:43:42.659  INFO 16844 --- [restartedMain] o.h.e.t.j.p.i.JtaPlatformInitiator       : HHH000490: Using JtaPlatform implementation: [org.hibernate.engine.transaction.jta.platform.internal.NoJtaPlatform]
2020-03-06 18:43:42.667  INFO 16844 --- [restartedMain] j.LocalContainerEntityManagerFactoryBean : Initialized JPA EntityManagerFactory for persistence unit 'default'
2020-03-06 18:43:42.712  WARN 16844 --- [restartedMain] o.s.b.d.a.OptionalLiveReloadServer       : Unable to start LiveReload server
2020-03-06 18:43:43.063  WARN 16844 --- [restartedMain] c.n.c.sources.URLConfigurationSource     : No URLs will be polled as dynamic configuration sources.
2020-03-06 18:43:43.063  INFO 16844 --- [restartedMain] c.n.c.sources.URLConfigurationSource     : To enable URLs as dynamic configuration sources, define System property archaius.configurationSource.additionalUrls or make config.properties available on classpath.
2020-03-06 18:43:43.146  WARN 16844 --- [restartedMain] JpaBaseConfiguration$JpaWebConfiguration : spring.jpa.open-in-view is enabled by default. Therefore, database queries may be performed during view rendering. Explicitly configure spring.jpa.open-in-view to disable this warning
2020-03-06 18:43:43.335  INFO 16844 --- [restartedMain] o.s.s.concurrent.ThreadPoolTaskExecutor  : Initializing ExecutorService 'applicationTaskExecutor'
2020-03-06 18:43:44.683  WARN 16844 --- [restartedMain] ockingLoadBalancerClientRibbonWarnLogger : You already have RibbonLoadBalancerClient on your classpath. It will be used by default. As Spring Cloud Ribbon is in maintenance mode. We recommend switching to BlockingLoadBalancerClient instead. In order to use it, set the value of `spring.cloud.loadbalancer.ribbon.enabled` to `false` or remove spring-cloud-starter-netflix-ribbon from your project.
2020-03-06 18:43:44.754  INFO 16844 --- [restartedMain] o.s.b.a.e.web.EndpointLinksResolver      : Exposing 2 endpoint(s) beneath base path '/actuator'
2020-03-06 18:43:44.887  INFO 16844 --- [restartedMain] o.s.c.n.eureka.InstanceInfoFactory       : Setting initial instance status as: STARTING
2020-03-06 18:43:44.941  INFO 16844 --- [restartedMain] com.netflix.discovery.DiscoveryClient    : Initializing Eureka in region us-east-1
2020-03-06 18:43:45.117  INFO 16844 --- [restartedMain] c.n.d.provider.DiscoveryJerseyProvider   : Using JSON encoding codec LegacyJacksonJson
2020-03-06 18:43:45.118  INFO 16844 --- [restartedMain] c.n.d.provider.DiscoveryJerseyProvider   : Using JSON decoding codec LegacyJacksonJson
2020-03-06 18:43:45.347  INFO 16844 --- [restartedMain] c.n.d.provider.DiscoveryJerseyProvider   : Using XML encoding codec XStreamXml
2020-03-06 18:43:45.347  INFO 16844 --- [restartedMain] c.n.d.provider.DiscoveryJerseyProvider   : Using XML decoding codec XStreamXml
2020-03-06 18:43:45.599  INFO 16844 --- [restartedMain] c.n.d.s.r.aws.ConfigClusterResolver      : Resolving eureka endpoints via configuration
2020-03-06 18:43:45.862  INFO 16844 --- [restartedMain] com.netflix.discovery.DiscoveryClient    : Disable delta property : false
2020-03-06 18:43:45.862  INFO 16844 --- [restartedMain] com.netflix.discovery.DiscoveryClient    : Single vip registry refresh property : null
2020-03-06 18:43:45.863  INFO 16844 --- [restartedMain] com.netflix.discovery.DiscoveryClient    : Force full registry fetch : false
2020-03-06 18:43:45.863  INFO 16844 --- [restartedMain] com.netflix.discovery.DiscoveryClient    : Application is null : false
2020-03-06 18:43:45.863  INFO 16844 --- [restartedMain] com.netflix.discovery.DiscoveryClient    : Registered Applications size is zero : true
2020-03-06 18:43:45.863  INFO 16844 --- [restartedMain] com.netflix.discovery.DiscoveryClient    : Application version is -1: true
2020-03-06 18:43:45.863  INFO 16844 --- [restartedMain] com.netflix.discovery.DiscoveryClient    : Getting all instance registry info from the eureka server
2020-03-06 18:43:45.997  INFO 16844 --- [restartedMain] com.netflix.discovery.DiscoveryClient    : The response status is 200
2020-03-06 18:43:46.000  INFO 16844 --- [restartedMain] com.netflix.discovery.DiscoveryClient    : Starting heartbeat executor: renew interval is: 30
2020-03-06 18:43:46.004  INFO 16844 --- [restartedMain] c.n.discovery.InstanceInfoReplicator     : InstanceInfoReplicator onDemand update allowed rate per min is 4
2020-03-06 18:43:46.009  INFO 16844 --- [restartedMain] com.netflix.discovery.DiscoveryClient    : Discovery Client initialized at timestamp 1583500426008 with initial instances count: 0
2020-03-06 18:43:46.012  INFO 16844 --- [restartedMain] o.s.c.n.e.s.EurekaServiceRegistry        : Registering application CURRENCY-EXCHANGE-API with eureka with status UP
2020-03-06 18:43:46.013  INFO 16844 --- [restartedMain] com.netflix.discovery.DiscoveryClient    : Saw local status change event StatusChangeEvent [timestamp=1583500426013, current=UP, previous=STARTING]
2020-03-06 18:43:46.016  INFO 16844 --- [DiscoveryClient-InstanceInfoReplicator-0] com.netflix.discovery.DiscoveryClient    : DiscoveryClient_CURRENCY-EXCHANGE-API/DESKTOP-JCL1GVP:CURRENCY-EXCHANGE-API:9191: registering service...
2020-03-06 18:43:46.166  INFO 16844 --- [DiscoveryClient-InstanceInfoReplicator-0] com.netflix.discovery.DiscoveryClient    : DiscoveryClient_CURRENCY-EXCHANGE-API/DESKTOP-JCL1GVP:CURRENCY-EXCHANGE-API:9191 - registration status: 204
2020-03-06 18:43:46.384  INFO 16844 --- [restartedMain] o.s.b.w.embedded.tomcat.TomcatWebServer  : Tomcat started on port(s): 9191 (http) with context path ''
2020-03-06 18:43:46.386  INFO 16844 --- [restartedMain] .s.c.n.e.s.EurekaAutoServiceRegistration : Updating port to 9191
2020-03-06 18:43:46.775  INFO 16844 --- [restartedMain] com.kushwaha.Application                 : Started Application in 12.352 seconds (JVM running for 14.015)
2020-03-06 18:44:16.003  INFO 16844 --- [DiscoveryClient-CacheRefreshExecutor-0] com.netflix.discovery.DiscoveryClient    : Disable delta property : false
2020-03-06 18:44:16.004  INFO 16844 --- [DiscoveryClient-CacheRefreshExecutor-0] com.netflix.discovery.DiscoveryClient    : Single vip registry refresh property : null
2020-03-06 18:44:16.005  INFO 16844 --- [DiscoveryClient-CacheRefreshExecutor-0] com.netflix.discovery.DiscoveryClient    : Force full registry fetch : false
2020-03-06 18:44:16.005  INFO 16844 --- [DiscoveryClient-CacheRefreshExecutor-0] com.netflix.discovery.DiscoveryClient    : Application is null : false
2020-03-06 18:44:16.005  INFO 16844 --- [DiscoveryClient-CacheRefreshExecutor-0] com.netflix.discovery.DiscoveryClient    : Registered Applications size is zero : true
2020-03-06 18:44:16.005  INFO 16844 --- [DiscoveryClient-CacheRefreshExecutor-0] com.netflix.discovery.DiscoveryClient    : Application version is -1: false
2020-03-06 18:44:16.005  INFO 16844 --- [DiscoveryClient-CacheRefreshExecutor-0] com.netflix.discovery.DiscoveryClient    : Getting all instance registry info from the eureka server
2020-03-06 18:44:16.067  INFO 16844 --- [DiscoveryClient-CacheRefreshExecutor-0] com.netflix.discovery.DiscoveryClient    : The response status is 200
2020-03-06 18:44:29.449  INFO 16844 --- [http-nio-9191-exec-1] o.a.c.c.C.[Tomcat].[localhost].[/]       : Initializing Spring DispatcherServlet 'dispatcherServlet'
2020-03-06 18:44:29.450  INFO 16844 --- [http-nio-9191-exec-1] o.s.web.servlet.DispatcherServlet        : Initializing Servlet 'dispatcherServlet'
2020-03-06 18:44:29.463  INFO 16844 --- [http-nio-9191-exec-1] o.s.web.servlet.DispatcherServlet        : Completed initialization in 12 ms
